snps in file 18924 pops 8
YRI:0.186 CHB:0.007 CHD:0.062 TSI:0.162 MKK:0.004 LWK:0.221 CEU:0.213 JPT:0.146  initial sol 12595.292544
RUNNING THE L-BFGS-B CODE

	* * *

Machine precision = 2.220446e-16
 N = 8, M = 20
ITERATION 0
0.186 0.007 0.062 0.162 0.004 0.221 0.213 0.146 likelihood = 12595.29254412 iter 0
At iteration 0 f=12595.292544	|proj g| = 1.312984e+03
0.186 0.037 0.085 0.834 0.032 0.221 0.952 0.169 likelihood = 12059.39663333 iter 1
0.034 0.000 0.032 0.811 0.000 0.080 0.936 0.118 likelihood = 11925.00846263 iter 2
0.000 0.000 0.000 0.820 0.030 0.000 0.957 0.067 likelihood = 11882.36699778 iter 3
0.000 0.000 0.000 0.831 0.053 0.000 0.982 0.038 likelihood = 11880.39278609 iter 4
0.000 0.000 0.000 0.829 0.055 0.000 0.990 0.026 likelihood = 11880.09210423 iter 5
0.000 0.000 0.000 0.821 0.054 0.000 1.002 0.013 likelihood = 11879.80827308 iter 6
0.000 0.001 0.001 0.808 0.052 0.000 1.015 0.005 likelihood = 11879.55306890 iter 7
0.000 0.006 0.009 0.762 0.046 0.000 1.059 0.000 likelihood = 11878.44708996 iter 8
0.000 0.029 0.039 0.610 0.045 0.000 1.229 0.000 likelihood = 11877.67575481 iter 9
0.000 0.017 0.028 0.632 0.046 0.000 1.203 0.000 likelihood = 11876.75679608 iter 10
At iterate 10 f=1.187676e+04 |proj g| = 2.532279e+01
0.000 0.002 0.016 0.615 0.048 0.000 1.217 0.000 likelihood = 11876.05527435 iter 11
0.000 0.005 0.022 0.557 0.052 0.000 1.285 0.000 likelihood = 11875.68272393 iter 12
0.000 0.000 0.019 0.518 0.056 0.000 1.329 0.000 likelihood = 11875.52494335 iter 13
0.000 0.000 0.015 0.518 0.057 0.000 1.329 0.005 likelihood = 11875.50617409 iter 14
0.000 0.000 0.001 0.517 0.057 0.000 1.327 0.022 likelihood = 11875.46889544 iter 15
Positive dir derivative in projection 
Using the backtracking step 
0.000 0.000 0.000 0.517 0.057 0.000 1.327 0.022 likelihood = 11875.46485447 iter 16
0.000 0.000 0.000 0.517 0.057 0.000 1.328 0.021 likelihood = 11875.46456041 iter 17
0.000 0.000 0.000 0.517 0.056 0.000 1.328 0.021 likelihood = 11875.46455814 iter 18
prevld 11875.464560 current 11875.464558 delta 0.000002 
derivative for 0: 0.000000 bounds:1 [0.000000-1.000000] 197.908296 11875.464558
derivative for 1: 0.000000 bounds:1 [0.000000-1.000000] 3.244459 11875.464558
derivative for 2: 0.000000 bounds:1 [0.000000-1.000000] 1.267757 11875.464558
derivative for 3: 0.516780 bounds:1 [0.000000-1.000000] 0.000236 11875.464558
derivative for 4: 0.056490 bounds:1 [0.000000-1.000000] 0.020537 11875.464558
derivative for 5: 0.000000 bounds:1 [0.000000-1.000000] 186.062094 11875.464558
derivative for 6: 1.327724 bounds:1 [0.000000-1.000000] -0.000631 11875.464558
derivative for 7: 0.021236 bounds:1 [0.000000-1.000000] -0.020906 11875.464558

RUNNING THE L-BFGS-B CODE

	* * *

Machine precision = 2.220446e-16
 N = 8, M = 20
ITERATION 5
0.000 0.000 0.000 0.000 0.056 0.000 1.328 0.021 likelihood = 11887.70221768 iter 0
At iteration 0 f=11887.702218	|proj g| = 1.220722e+01
0.000 0.000 0.000 0.000 0.052 0.000 1.361 1.021 likelihood = 12162.61985708 iter 1
0.000 0.000 0.000 0.000 0.056 0.000 1.328 0.033 likelihood = 11887.72136857 iter 2
0.000 0.000 0.000 0.000 0.056 0.000 1.328 0.026 likelihood = 11887.67213402 iter 3
0.000 0.000 0.000 0.000 0.054 0.000 1.328 0.027 likelihood = 11887.64924405 iter 4
0.000 0.000 0.000 0.000 0.053 0.000 1.328 0.027 likelihood = 11887.64694087 iter 5
0.000 0.000 0.000 0.000 0.053 0.000 1.328 0.027 likelihood = 11887.64693848 iter 6
prevld 11887.646941 current 11887.646938 delta 0.000002 
derivative for 0: 0.000000 bounds:2 [0.000000-0.000000] 260.608598 11887.646938
derivative for 1: 0.000000 bounds:2 [0.000000-0.000000] -0.022971 11887.646938
derivative for 2: 0.000000 bounds:2 [0.000000-0.000000] -3.361967 11887.646938
derivative for 3: 0.000000 bounds:2 [0.000000-0.000000] -68.269584 11887.646938
derivative for 4: 0.053399 bounds:1 [0.000000-1.000000] 0.001544 11887.646938
derivative for 5: 0.000000 bounds:2 [0.000000-0.000000] 236.066897 11887.646938
derivative for 6: 1.328037 bounds:1 [0.000000-1.000000] -0.000060 11887.646938
derivative for 7: 0.026707 bounds:1 [0.000000-1.000000] -0.000119 11887.646938

maxval -11887.646938 for POP TSI delta 12.182380 YRI:0.0000 CHB:0.0000 CHD:0.0000 TSI:0.0000 MKK:0.0379 LWK:0.0000 CEU:0.9431 JPT:0.0190 
RUNNING THE L-BFGS-B CODE

	* * *

Machine precision = 2.220446e-16
 N = 8, M = 20
ITERATION 5
0.000 0.000 0.000 0.517 0.000 0.000 0.943 0.019 likelihood = 11884.82261463 iter 0
At iteration 0 f=11884.822615	|proj g| = 2.067288e+01
0.000 0.000 0.000 0.492 0.000 0.000 1.087 1.008 likelihood = 12124.20187729 iter 1
0.000 0.000 0.000 0.516 0.000 0.000 0.946 0.040 likelihood = 11884.90113429 iter 2
0.000 0.000 0.000 0.517 0.000 0.000 0.944 0.028 likelihood = 11884.73154731 iter 3
0.000 0.000 0.000 0.516 0.000 0.000 0.945 0.028 likelihood = 11884.72589232 iter 4
0.000 0.000 0.000 0.513 0.000 0.000 0.946 0.028 likelihood = 11884.70381956 iter 5
0.000 0.000 0.000 0.501 0.000 0.000 0.953 0.027 likelihood = 11884.62437785 iter 6
0.000 0.000 0.000 0.442 0.000 0.000 0.986 0.027 likelihood = 11884.44987181 iter 7
0.000 0.000 0.000 0.447 0.000 0.000 0.984 0.028 likelihood = 11884.44875821 iter 8
0.000 0.000 0.000 0.446 0.000 0.000 0.984 0.027 likelihood = 11884.44875417 iter 9
prevld 11884.448758 current 11884.448754 delta 0.000004 
derivative for 0: 0.000000 bounds:2 [0.000000-0.000000] 8.504712 11884.448754
derivative for 1: 0.000000 bounds:2 [0.000000-0.000000] -1.010923 11884.448754
derivative for 2: 0.000000 bounds:2 [0.000000-0.000000] 2.608748 11884.448754
derivative for 3: 0.446330 bounds:1 [0.000000-1.000000] 0.000148 11884.448754
derivative for 4: 0.000000 bounds:2 [0.000000-0.000000] -598.341510 11884.448754
derivative for 5: 0.000000 bounds:2 [0.000000-0.000000] 19.062099 11884.448754
derivative for 6: 0.983672 bounds:1 [0.000000-1.000000] -0.000057 11884.448754
derivative for 7: 0.027497 bounds:1 [0.000000-1.000000] -0.000371 11884.448754

maxval -11884.448754 for POP MKK delta 8.984196 YRI:0.0000 CHB:0.0000 CHD:0.0000 TSI:0.3062 MKK:0.0000 LWK:0.0000 CEU:0.6749 JPT:0.0189 
RUNNING THE L-BFGS-B CODE

	* * *

Machine precision = 2.220446e-16
 N = 8, M = 20
ITERATION 5
0.000 0.000 0.000 0.306 0.056 0.000 0.000 0.019 likelihood = 12006.91010768 iter 0
At iteration 0 f=12006.910108	|proj g| = 3.053429e+02
0.000 0.000 0.000 1.306 0.056 0.000 0.000 0.019 likelihood = 11955.83678981 iter 1
0.000 0.000 0.000 1.306 0.055 0.000 0.000 0.021 likelihood = 11955.53760712 iter 2
0.000 0.000 0.000 1.305 0.048 0.000 0.000 0.031 likelihood = 11954.61451497 iter 3
0.000 0.000 0.000 1.297 0.037 0.000 0.000 0.047 likelihood = 11954.05378327 iter 4
0.000 0.000 0.000 1.305 0.039 0.000 0.000 0.048 likelihood = 11954.01858036 iter 5
0.000 0.000 0.000 1.312 0.040 0.000 0.000 0.051 likelihood = 11954.00468270 iter 6
0.000 0.000 0.000 1.312 0.041 0.000 0.000 0.051 likelihood = 11954.00458656 iter 7
0.000 0.000 0.000 1.312 0.041 0.000 0.000 0.051 likelihood = 11954.00458638 iter 8
prevld 11954.004587 current 11954.004586 delta 0.000000 
derivative for 0: 0.000000 bounds:2 [0.000000-0.000000] 239.854714 11954.004586
derivative for 1: 0.000000 bounds:2 [0.000000-0.000000] -1.065824 11954.004586
derivative for 2: 0.000000 bounds:2 [0.000000-0.000000] 9.618535 11954.004586
derivative for 3: 1.312399 bounds:1 [0.000000-1.000000] -0.000038 11954.004586
derivative for 4: 0.040557 bounds:1 [0.000000-1.000000] 0.001962 11954.004586
derivative for 5: 0.000000 bounds:2 [0.000000-0.000000] 235.989004 11954.004586
derivative for 6: 0.000000 bounds:2 [0.000000-0.000000] -173.880206 11954.004586
derivative for 7: 0.050999 bounds:1 [0.000000-1.000000] -0.000596 11954.004586

maxval -11954.004586 for POP CEU delta 78.540028 YRI:0.0000 CHB:0.0000 CHD:0.0000 TSI:0.9348 MKK:0.0289 LWK:0.0000 CEU:0.0000 JPT:0.0363 
RUNNING THE L-BFGS-B CODE

	* * *

Machine precision = 2.220446e-16
 N = 8, M = 20
ITERATION 5
0.000 0.000 0.000 0.935 0.029 0.000 1.328 0.000 likelihood = 11880.48265536 iter 0
At iteration 0 f=11880.482655	|proj g| = 1.267800e+02
0.000 0.000 0.000 0.927 1.028 0.000 1.368 0.000 likelihood = 12087.47342264 iter 1
0.000 0.000 0.000 0.934 0.138 0.000 1.332 0.000 likelihood = 11882.89197747 iter 2
0.000 0.000 0.000 0.934 0.068 0.000 1.329 0.000 likelihood = 11878.40651404 iter 3
0.000 0.000 0.000 0.933 0.067 0.000 1.331 0.000 likelihood = 11878.37363846 iter 4
0.000 0.000 0.000 0.925 0.062 0.000 1.336 0.000 likelihood = 11878.27527870 iter 5
0.000 0.000 0.000 0.900 0.057 0.000 1.353 0.000 likelihood = 11878.01986653 iter 6
0.000 0.000 0.000 0.821 0.049 0.000 1.409 0.000 likelihood = 11877.32969829 iter 7
0.000 0.000 0.000 0.695 0.050 0.000 1.496 0.000 likelihood = 11876.41950428 iter 8
0.000 0.000 0.000 0.607 0.065 0.000 1.560 0.000 likelihood = 11875.81910268 iter 9
0.000 0.000 0.000 0.610 0.068 0.000 1.558 0.000 likelihood = 11875.80671410 iter 10
0.000 0.000 0.000 0.612 0.069 0.000 1.557 0.000 likelihood = 11875.80627547 iter 11
0.000 0.000 0.000 0.612 0.069 0.000 1.557 0.000 likelihood = 11875.80627520 iter 12
prevld 11875.806275 current 11875.806275 delta 0.000000 
derivative for 0: 0.000000 bounds:2 [0.000000-0.000000] 163.401930 11875.806275
derivative for 1: 0.000000 bounds:2 [0.000000-0.000000] -24.385332 11875.806275
derivative for 2: 0.000000 bounds:2 [0.000000-0.000000] -28.660020 11875.806275
derivative for 3: 0.611545 bounds:1 [0.000000-1.000000] 0.000013 11875.806275
derivative for 4: 0.068520 bounds:1 [0.000000-1.000000] -0.000193 11875.806275
derivative for 5: 0.000000 bounds:2 [0.000000-0.000000] 154.316448 11875.806275
derivative for 6: 1.556985 bounds:1 [0.000000-1.000000] 0.000003 11875.806275
derivative for 7: 0.000000 bounds:2 [0.000000-0.000000] -28.699126 11875.806275

maxval -11875.806275 for POP JPT delta 0.341717 YRI:0.0000 CHB:0.0000 CHD:0.0000 TSI:0.2734 MKK:0.0306 LWK:0.0000 CEU:0.6960 JPT:0.0000 
contribution of ancestry from pop JPT is not significant: delta 0.341717 admixture_prop 0.021236 3
YRI:0.0000 CHB:0.0000 CHD:0.0000 TSI:0.2734 MKK:0.0306 LWK:0.0000 CEU:0.6960 JPT:0.0000 
RUNNING THE L-BFGS-B CODE

	* * *

Machine precision = 2.220446e-16
 N = 8, M = 20
ITERATION 6
0.000 0.000 0.000 0.273 0.000 0.000 0.696 0.000 likelihood = 11885.70324842 iter 0
At iteration 0 f=11885.703248	|proj g| = 8.852576e+00
0.000 0.000 0.000 1.270 0.000 0.000 0.618 0.000 likelihood = 11907.07098101 iter 1
0.000 0.000 0.000 0.357 0.000 0.000 0.689 0.000 likelihood = 11885.60639013 iter 2
0.000 0.000 0.000 0.325 0.000 0.000 0.692 0.000 likelihood = 11885.50205736 iter 3
0.000 0.000 0.000 0.320 0.000 0.000 0.692 0.000 likelihood = 11885.50004836 iter 4
0.000 0.000 0.000 0.320 0.000 0.000 0.692 0.000 likelihood = 11885.50002334 iter 5

	* * *

Tit   = total number of iterations
Tnf   = total number of function evaluations
Tnint = total number of segments explored during Cauchy searches
Skip  = number of BFGS updates skipped
Nact  = number of active bounds at final generalized Cuachy point
Projg = norm of the final projected gradient
F     = final function value

	* * *
N	Tit	Tnf	Tnint	Skip	Nact	Projg	F
8	4	6	5	0	6	1.276735e-03	1.188550e+04
F = 11885.500023
CONVERGENCE: REL_REDUCTION_OF_F_<=_FACTR*EPSMCH             
Cauchy time 0 seconds.
Subspace minimization time 0 seconds.
Line search time 0 seconds.
Total User time 0 seconds.
derivative for 0: 0.000000 bounds:2 [0.000000-0.000000] -38.212891 11885.500023
derivative for 1: 0.000000 bounds:2 [0.000000-0.000000] -115.155980 11885.500023
derivative for 2: 0.000000 bounds:2 [0.000000-0.000000] -121.825373 11885.500023
derivative for 3: 0.320070 bounds:1 [0.000000-1.000000] 0.001277 11885.500023
derivative for 4: 0.000000 bounds:2 [0.000000-0.000000] -894.878147 11885.500023
derivative for 5: 0.000000 bounds:2 [0.000000-0.000000] -15.842943 11885.500023
derivative for 6: 0.692372 bounds:1 [0.000000-1.000000] -0.000590 11885.500023
derivative for 7: 0.000000 bounds:2 [0.000000-0.000000] -119.582272 11885.500023

maxval -11885.500023 for POP MKK delta 9.693748 YRI:0.0000 CHB:0.0000 CHD:0.0000 TSI:0.3161 MKK:0.0000 LWK:0.0000 CEU:0.6839 JPT:0.0000 

final maxval -11875.806275 ADMIX_PROP YRI:0.0000 CHB:0.0000 CHD:0.0000 TSI:0.2734 MKK:0.0306 LWK:0.0000 CEU:0.6960 JPT:0.0000 
TSI:0.2734 MKK:0.0306 CEU:0.6960 FINAL_NZ_PROPS
