snps in file 3870 pops 8
YRI:0.065 CHB:0.005 CHD:0.197 TSI:0.283 MKK:0.152 LWK:0.041 CEU:0.236 JPT:0.021  initial sol 2348.392410
RUNNING THE L-BFGS-B CODE

	* * *

Machine precision = 2.220446e-16
 N = 8, M = 20
ITERATION 0
0.065 0.005 0.197 0.283 0.152 0.041 0.236 0.021 likelihood = 2348.39241039 iter 0
At iteration 0 f=2348.392410	|proj g| = 9.971873e+01
0.065 0.005 0.195 0.874 0.150 0.040 1.043 0.020 likelihood = 2309.97735008 iter 1
0.000 0.000 0.149 0.830 0.108 0.000 1.001 0.000 likelihood = 2303.93329458 iter 2
0.000 0.000 0.086 0.832 0.086 0.000 1.029 0.000 likelihood = 2302.51532917 iter 3
0.000 0.000 0.000 0.830 0.083 0.000 1.080 0.000 likelihood = 2301.40379112 iter 4
0.000 0.000 0.000 0.826 0.094 0.000 1.097 0.000 likelihood = 2301.30777903 iter 5
0.000 0.000 0.000 0.809 0.109 0.000 1.137 0.000 likelihood = 2301.16391030 iter 6
0.000 0.000 0.000 0.769 0.126 0.000 1.214 0.000 likelihood = 2300.93468012 iter 7
0.000 0.000 0.000 0.664 0.149 0.000 1.390 0.000 likelihood = 2300.47066205 iter 8
0.000 0.000 0.000 0.478 0.163 0.000 1.666 0.000 likelihood = 2299.81490340 iter 9
0.000 0.000 0.000 0.262 0.143 0.000 1.913 0.000 likelihood = 2299.24260108 iter 10
At iterate 10 f=2.299243e+03 |proj g| = 4.878434e-01
0.000 0.000 0.004 0.187 0.123 0.000 1.977 0.000 likelihood = 2299.16148818 iter 11
0.000 0.000 0.006 0.202 0.122 0.000 1.956 0.000 likelihood = 2299.15772761 iter 12
0.000 0.000 0.006 0.214 0.120 0.000 1.939 0.000 likelihood = 2299.15699318 iter 13
0.000 0.000 0.006 0.213 0.120 0.000 1.940 0.000 likelihood = 2299.15698463 iter 14
prevld 2299.156993 current 2299.156985 delta 0.000009 
derivative for 0: 0.000000 bounds:1 [0.000000-1.000000] 11.423866 2299.156985
derivative for 1: 0.000000 bounds:1 [0.000000-1.000000] 9.569101 2299.156985
derivative for 2: 0.005939 bounds:1 [0.000000-1.000000] 0.006267 2299.156985
derivative for 3: 0.213272 bounds:1 [0.000000-1.000000] 0.000184 2299.156985
derivative for 4: 0.120016 bounds:1 [0.000000-1.000000] 0.003661 2299.156985
derivative for 5: 0.000000 bounds:1 [0.000000-1.000000] 23.241451 2299.156985
derivative for 6: 1.940158 bounds:1 [0.000000-1.000000] -0.000266 2299.156985
derivative for 7: 0.000000 bounds:1 [0.000000-1.000000] 1.595440 2299.156985

RUNNING THE L-BFGS-B CODE

	* * *

Machine precision = 2.220446e-16
 N = 8, M = 20
ITERATION 5
0.000 0.000 0.000 0.213 0.120 0.000 1.940 0.000 likelihood = 2299.16060966 iter 0
At iteration 0 f=2299.160610	|proj g| = 8.872409e-02
0.000 0.000 0.000 0.265 0.209 0.000 1.929 0.000 likelihood = 2300.09004402 iter 1
0.000 0.000 0.000 0.214 0.120 0.000 1.940 0.000 likelihood = 2299.16058760 iter 2
0.000 0.000 0.000 0.214 0.120 0.000 1.940 0.000 likelihood = 2299.16058064 iter 3
prevld 2299.160588 current 2299.160581 delta 0.000007 
derivative for 0: 0.000000 bounds:2 [0.000000-0.000000] 11.373084 2299.160581
derivative for 1: 0.000000 bounds:2 [0.000000-0.000000] 8.709274 2299.160581
derivative for 2: 0.000000 bounds:2 [0.000000-0.000000] -1.235709 2299.160581
derivative for 3: 0.213616 bounds:1 [0.000000-1.000000] -0.052216 2299.160581
derivative for 4: 0.120387 bounds:1 [0.000000-1.000000] 0.030801 2299.160581
derivative for 5: 0.000000 bounds:2 [0.000000-0.000000] 23.186602 2299.160581
derivative for 6: 1.940097 bounds:1 [0.000000-1.000000] 0.003838 2299.160581
derivative for 7: 0.000000 bounds:2 [0.000000-0.000000] 0.035249 2299.160581

maxval -2299.160581 for POP CHD delta 0.003596 YRI:0.0000 CHB:0.0000 CHD:0.0000 TSI:0.0939 MKK:0.0529 LWK:0.0000 CEU:0.8531 JPT:0.0000 
RUNNING THE L-BFGS-B CODE

	* * *

Machine precision = 2.220446e-16
 N = 8, M = 20
ITERATION 5
0.000 0.000 0.006 0.000 0.053 0.000 0.853 0.000 likelihood = 2299.35340296 iter 0
At iteration 0 f=2299.353403	|proj g| = 8.138323e-01
0.000 0.000 0.820 0.000 0.000 0.000 1.155 0.000 likelihood = 2343.98446752 iter 1
0.000 0.000 0.010 0.000 0.053 0.000 0.855 0.000 likelihood = 2299.35957853 iter 2
0.000 0.000 0.007 0.000 0.053 0.000 0.854 0.000 likelihood = 2299.35277112 iter 3
0.000 0.000 0.007 0.000 0.052 0.000 0.854 0.000 likelihood = 2299.34788313 iter 4
0.000 0.000 0.007 0.000 0.050 0.000 0.854 0.000 likelihood = 2299.34645919 iter 5
0.000 0.000 0.007 0.000 0.050 0.000 0.854 0.000 likelihood = 2299.34645739 iter 6
prevld 2299.346459 current 2299.346457 delta 0.000002 
derivative for 0: 0.000000 bounds:2 [0.000000-0.000000] 28.962576 2299.346457
derivative for 1: 0.000000 bounds:2 [0.000000-0.000000] 23.896543 2299.346457
derivative for 2: 0.006814 bounds:1 [0.000000-1.000000] 0.000134 2299.346457
derivative for 3: 0.000000 bounds:2 [0.000000-0.000000] -4.490854 2299.346457
derivative for 4: 0.050343 bounds:1 [0.000000-1.000000] 0.001410 2299.346457
derivative for 5: 0.000000 bounds:2 [0.000000-0.000000] 57.658810 2299.346457
derivative for 6: 0.853690 bounds:1 [0.000000-1.000000] -0.000084 2299.346457
derivative for 7: 0.000000 bounds:2 [0.000000-0.000000] 4.929656 2299.346457

maxval -2299.346457 for POP TSI delta 0.189473 YRI:0.0000 CHB:0.0000 CHD:0.0075 TSI:0.0000 MKK:0.0553 LWK:0.0000 CEU:0.9372 JPT:0.0000 
RUNNING THE L-BFGS-B CODE

	* * *

Machine precision = 2.220446e-16
 N = 8, M = 20
ITERATION 5
0.000 0.000 0.007 0.213 0.000 0.000 0.937 0.000 likelihood = 2304.12478245 iter 0
At iteration 0 f=2304.124782	|proj g| = 1.781235e+00
0.000 0.000 0.977 0.450 0.000 0.000 0.876 0.000 likelihood = 2347.65545430 iter 1
0.000 0.000 0.017 0.216 0.000 0.000 0.937 0.000 likelihood = 2304.13709035 iter 2
0.000 0.000 0.010 0.214 0.000 0.000 0.937 0.000 likelihood = 2304.12218371 iter 3
0.000 0.000 0.010 0.214 0.000 0.000 0.937 0.000 likelihood = 2304.12212929 iter 4
0.000 0.000 0.010 0.215 0.000 0.000 0.937 0.000 likelihood = 2304.12191788 iter 5
0.000 0.000 0.010 0.217 0.000 0.000 0.936 0.000 likelihood = 2304.12117205 iter 6
0.000 0.000 0.010 0.227 0.000 0.000 0.934 0.000 likelihood = 2304.11968507 iter 7
0.000 0.000 0.010 0.228 0.000 0.000 0.934 0.000 likelihood = 2304.11968333 iter 8
prevld 2304.119685 current 2304.119683 delta 0.000002 
derivative for 0: 0.000000 bounds:2 [0.000000-0.000000] -74.275956 2304.119683
derivative for 1: 0.000000 bounds:2 [0.000000-0.000000] 13.450897 2304.119683
derivative for 2: 0.009563 bounds:1 [0.000000-1.000000] -0.001330 2304.119683
derivative for 3: 0.227653 bounds:1 [0.000000-1.000000] -0.000247 2304.119683
derivative for 4: 0.000000 bounds:2 [0.000000-0.000000] -279.166465 2304.119683
derivative for 5: 0.000000 bounds:2 [0.000000-0.000000] -28.759135 2304.119683
derivative for 6: 0.933958 bounds:1 [0.000000-1.000000] 0.000074 2304.119683
derivative for 7: 0.000000 bounds:2 [0.000000-0.000000] 3.611598 2304.119683

maxval -2304.119683 for POP MKK delta 4.962699 YRI:0.0000 CHB:0.0000 CHD:0.0082 TSI:0.1944 MKK:0.0000 LWK:0.0000 CEU:0.7975 JPT:0.0000 
RUNNING THE L-BFGS-B CODE

	* * *

Machine precision = 2.220446e-16
 N = 8, M = 20
ITERATION 5
0.000 0.000 0.008 0.194 0.120 0.000 0.000 0.000 likelihood = 2355.05683748 iter 0
At iteration 0 f=2355.056837	|proj g| = 2.333223e+02
0.000 0.000 0.238 1.168 0.120 0.000 0.000 0.000 likelihood = 2323.48467595 iter 1
0.000 0.000 0.221 1.166 0.111 0.000 0.000 0.000 likelihood = 2322.57798132 iter 2
0.000 0.000 0.152 1.161 0.077 0.000 0.000 0.000 likelihood = 2319.33979210 iter 3
0.000 0.000 0.000 1.159 0.023 0.000 0.000 0.000 likelihood = 2316.89028273 iter 4
0.000 0.000 0.000 1.201 0.057 0.000 0.000 0.000 likelihood = 2315.74826220 iter 5
0.000 0.000 0.000 1.205 0.062 0.000 0.000 0.000 likelihood = 2315.71681676 iter 6
0.000 0.000 0.000 1.209 0.066 0.000 0.000 0.000 likelihood = 2315.70739854 iter 7
0.000 0.000 0.000 1.210 0.067 0.000 0.000 0.000 likelihood = 2315.70729129 iter 8
0.000 0.000 0.000 1.210 0.067 0.000 0.000 0.000 likelihood = 2315.70729098 iter 9
prevld 2315.707291 current 2315.707291 delta 0.000000 
derivative for 0: 0.000000 bounds:2 [0.000000-0.000000] 6.142200 2315.707291
derivative for 1: 0.000000 bounds:2 [0.000000-0.000000] 13.636124 2315.707291
derivative for 2: 0.000000 bounds:1 [0.000000-1.000000] 2.309976 2315.707291
derivative for 3: 1.209632 bounds:1 [0.000000-1.000000] 0.000008 2315.707291
derivative for 4: 0.066819 bounds:1 [0.000000-1.000000] -0.000136 2315.707291
derivative for 5: 0.000000 bounds:2 [0.000000-0.000000] 30.611402 2315.707291
derivative for 6: 0.000000 bounds:2 [0.000000-0.000000] -32.278727 2315.707291
derivative for 7: 0.000000 bounds:2 [0.000000-0.000000] 7.035287 2315.707291

maxval -2315.707291 for POP CEU delta 16.550306 YRI:0.0000 CHB:0.0000 CHD:0.0000 TSI:0.9477 MKK:0.0523 LWK:0.0000 CEU:0.0000 JPT:0.0000 
contribution of ancestry from pop CHD is not significant: delta 0.003596 admixture_prop 0.005939 3
YRI:0.0000 CHB:0.0000 CHD:0.0000 TSI:0.0939 MKK:0.0529 LWK:0.0000 CEU:0.8531 JPT:0.0000 
RUNNING THE L-BFGS-B CODE

	* * *

Machine precision = 2.220446e-16
 N = 8, M = 20
ITERATION 6
0.000 0.000 0.000 0.000 0.052 0.000 1.940 0.000 likelihood = 2300.43040482 iter 0
At iteration 0 f=2300.430405	|proj g| = 4.036760e+01
0.000 0.000 0.000 0.000 1.052 0.000 1.913 0.000 likelihood = 2335.45432570 iter 1
0.000 0.000 0.000 0.000 0.212 0.000 1.936 0.000 likelihood = 2300.69018650 iter 2
0.000 0.000 0.000 0.000 0.117 0.000 1.938 0.000 likelihood = 2299.37782203 iter 3
0.000 0.000 0.000 0.000 0.116 0.000 1.938 0.000 likelihood = 2299.37735871 iter 4
0.000 0.000 0.000 0.000 0.115 0.000 1.938 0.000 likelihood = 2299.37727116 iter 5
0.000 0.000 0.000 0.000 0.115 0.000 1.938 0.000 likelihood = 2299.37727115 iter 6
prevld 2299.377271 current 2299.377271 delta 0.000000 
derivative for 0: 0.000000 bounds:2 [0.000000-0.000000] 12.530492 2299.377271
derivative for 1: 0.000000 bounds:2 [0.000000-0.000000] 7.661096 2299.377271
derivative for 2: 0.000000 bounds:2 [0.000000-0.000000] -4.161448 2299.377271
derivative for 3: 0.000000 bounds:2 [0.000000-0.000000] -2.205867 2299.377271
derivative for 4: 0.115230 bounds:1 [0.000000-1.000000] 0.000011 2299.377271
derivative for 5: 0.000000 bounds:2 [0.000000-0.000000] 25.164279 2299.377271
derivative for 6: 1.938497 bounds:1 [0.000000-1.000000] -0.000001 2299.377271
derivative for 7: 0.000000 bounds:2 [0.000000-0.000000] -3.073123 2299.377271

maxval -2299.377271 for POP TSI delta 0.216691 YRI:0.0000 CHB:0.0000 CHD:0.0000 TSI:0.0000 MKK:0.0561 LWK:0.0000 CEU:0.9439 JPT:0.0000 
RUNNING THE L-BFGS-B CODE

	* * *

Machine precision = 2.220446e-16
 N = 8, M = 20
ITERATION 6
0.000 0.000 0.000 0.094 0.000 0.000 0.944 0.000 likelihood = 2304.49754182 iter 0
At iteration 0 f=2304.497542	|proj g| = 5.491542e+00
0.000 0.000 0.000 1.089 0.000 0.000 0.845 0.000 likelihood = 2307.31868106 iter 1
0.000 0.000 0.000 0.306 0.000 0.000 0.923 0.000 likelihood = 2304.20227703 iter 2
0.000 0.000 0.000 0.262 0.000 0.000 0.927 0.000 likelihood = 2304.15634525 iter 3
0.000 0.000 0.000 0.234 0.000 0.000 0.930 0.000 likelihood = 2304.14968982 iter 4
0.000 0.000 0.000 0.238 0.000 0.000 0.930 0.000 likelihood = 2304.14942960 iter 5
0.000 0.000 0.000 0.238 0.000 0.000 0.930 0.000 likelihood = 2304.14942858 iter 6
prevld 2304.149430 current 2304.149429 delta 0.000001 
derivative for 0: 0.000000 bounds:2 [0.000000-0.000000] -75.613356 2304.149429
derivative for 1: 0.000000 bounds:2 [0.000000-0.000000] 8.682580 2304.149429
derivative for 2: 0.000000 bounds:2 [0.000000-0.000000] -6.401965 2304.149429
derivative for 3: 0.238187 bounds:1 [0.000000-1.000000] 0.000082 2304.149429
derivative for 4: 0.000000 bounds:2 [0.000000-0.000000] -280.114430 2304.149429
derivative for 5: 0.000000 bounds:2 [0.000000-0.000000] -29.977767 2304.149429
derivative for 6: 0.929600 bounds:1 [0.000000-1.000000] -0.000021 2304.149429
derivative for 7: 0.000000 bounds:2 [0.000000-0.000000] -4.028320 2304.149429

maxval -2304.149429 for POP MKK delta 4.988848 YRI:0.0000 CHB:0.0000 CHD:0.0000 TSI:0.2040 MKK:0.0000 LWK:0.0000 CEU:0.7960 JPT:0.0000 
contribution of ancestry from pop TSI is not significant: delta 0.216691 admixture_prop 0.093934 2
YRI:0.0000 CHB:0.0000 CHD:0.0000 TSI:0.0000 MKK:0.0561 LWK:0.0000 CEU:0.9439 JPT:0.0000 
RUNNING THE L-BFGS-B CODE

	* * *

Machine precision = 2.220446e-16
 N = 8, M = 20
ITERATION 7
0.000 0.000 0.000 0.000 0.000 0.000 0.796 0.000 likelihood = 2305.31901955 iter 0
At iteration 0 f=2305.319020	|proj g| = 3.606004e-13

	* * *

Tit   = total number of iterations
Tnf   = total number of function evaluations
Tnint = total number of segments explored during Cauchy searches
Skip  = number of BFGS updates skipped
Nact  = number of active bounds at final generalized Cuachy point
Projg = norm of the final projected gradient
F     = final function value

	* * *
N	Tit	Tnf	Tnint	Skip	Nact	Projg	F
8	0	1	0	0	0	3.606004e-13	2.305319e+03
F = 2305.319020
CONVERGENCE: NORM_OF_PROJECTED_GRADIENT_<=_PGTOL            
Cauchy time 0 seconds.
Subspace minimization time 0 seconds.
Line search time 0 seconds.
Total User time 0 seconds.
derivative for 0: 0.000000 bounds:2 [0.000000-0.000000] -134.859449 2305.319020
derivative for 1: 0.000000 bounds:2 [0.000000-0.000000] -2.061084 2305.319020
derivative for 2: 0.000000 bounds:2 [0.000000-0.000000] -28.234839 2305.319020
derivative for 3: 0.000000 bounds:2 [0.000000-0.000000] -15.131086 2305.319020
derivative for 4: 0.000000 bounds:2 [0.000000-0.000000] -495.955972 2305.319020
derivative for 5: 0.000000 bounds:2 [0.000000-0.000000] -66.667750 2305.319020
derivative for 6: 0.796035 bounds:1 [0.000000-1.000000] 0.000000 2305.319020
derivative for 7: 0.000000 bounds:2 [0.000000-0.000000] -25.532019 2305.319020

maxval -2305.319020 for POP MKK delta 5.941748 YRI:0.0000 CHB:0.0000 CHD:0.0000 TSI:0.0000 MKK:0.0000 LWK:0.0000 CEU:1.0000 JPT:0.0000 
contribution of ancestry from pop MKK is not significant: delta 5.941748 admixture_prop 0.056108 1
YRI:0.0000 CHB:0.0000 CHD:0.0000 TSI:0.0000 MKK:0.0000 LWK:0.0000 CEU:1.0000 JPT:0.0000 

final maxval -2305.319020 ADMIX_PROP YRI:0.0000 CHB:0.0000 CHD:0.0000 TSI:0.0000 MKK:0.0000 LWK:0.0000 CEU:1.0000 JPT:0.0000 
CEU:1.0000 FINAL_NZ_PROPS
